\BOOKMARK [1][-]{section.1}{\376\377\000I\000n\000t\000r\000o\000d\000u\000c\000t\000i\000o\000n}{}% 1
\BOOKMARK [2][-]{subsection.1.1}{\376\377\000T\000h\000e\000\040\000P\000r\000o\000b\000l\000e\000m\000\040\000w\000i\000t\000h\000\040\000C\000e\000n\000t\000r\000a\000l\000i\000z\000e\000d\000\040\000A\000I}{section.1}% 2
\BOOKMARK [2][-]{subsection.1.2}{\376\377\000N\000e\000u\000r\000o\000S\000h\000a\000r\000d\000:\000\040\000A\000\040\000D\000e\000c\000e\000n\000t\000r\000a\000l\000i\000z\000e\000d\000\040\000S\000o\000l\000u\000t\000i\000o\000n}{section.1}% 3
\BOOKMARK [2][-]{subsection.1.3}{\376\377\000C\000o\000n\000t\000r\000i\000b\000u\000t\000i\000o\000n\000s}{section.1}% 4
\BOOKMARK [1][-]{section.2}{\376\377\000R\000e\000l\000a\000t\000e\000d\000\040\000W\000o\000r\000k}{}% 5
\BOOKMARK [2][-]{subsection.2.1}{\376\377\000D\000i\000s\000t\000r\000i\000b\000u\000t\000e\000d\000\040\000D\000e\000e\000p\000\040\000L\000e\000a\000r\000n\000i\000n\000g}{section.2}% 6
\BOOKMARK [3][-]{subsubsection.2.1.1}{\376\377\000D\000a\000t\000a\000\040\000P\000a\000r\000a\000l\000l\000e\000l\000i\000s\000m\000\040\000a\000n\000d\000\040\000F\000e\000d\000e\000r\000a\000t\000e\000d\000\040\000L\000e\000a\000r\000n\000i\000n\000g}{subsection.2.1}% 7
\BOOKMARK [3][-]{subsubsection.2.1.2}{\376\377\000P\000i\000p\000e\000l\000i\000n\000e\000\040\000P\000a\000r\000a\000l\000l\000e\000l\000i\000s\000m}{subsection.2.1}% 8
\BOOKMARK [3][-]{subsubsection.2.1.3}{\376\377\000D\000e\000c\000e\000n\000t\000r\000a\000l\000i\000z\000e\000d\000\040\000T\000r\000a\000i\000n\000i\000n\000g}{subsection.2.1}% 9
\BOOKMARK [2][-]{subsection.2.2}{\376\377\000D\000e\000c\000e\000n\000t\000r\000a\000l\000i\000z\000e\000d\000\040\000A\000I\000\040\000N\000e\000t\000w\000o\000r\000k\000s}{section.2}% 10
\BOOKMARK [3][-]{subsubsection.2.2.1}{\376\377\000B\000i\000t\000t\000e\000n\000s\000o\000r}{subsection.2.2}% 11
\BOOKMARK [3][-]{subsubsection.2.2.2}{\376\377\000G\000e\000n\000s\000y\000n}{subsection.2.2}% 12
\BOOKMARK [2][-]{subsection.2.3}{\376\377\000K\000e\000y\000\040\000D\000i\000f\000f\000e\000r\000e\000n\000t\000i\000a\000t\000o\000r\000s}{section.2}% 13
\BOOKMARK [1][-]{section.3}{\376\377\000N\000e\000u\000r\000o\000L\000L\000M\000\040\000A\000r\000c\000h\000i\000t\000e\000c\000t\000u\000r\000e}{}% 14
\BOOKMARK [2][-]{subsection.3.1}{\376\377\000D\000e\000s\000i\000g\000n\000\040\000P\000h\000i\000l\000o\000s\000o\000p\000h\000y}{section.3}% 15
\BOOKMARK [2][-]{subsection.3.2}{\376\377\000A\000r\000c\000h\000i\000t\000e\000c\000t\000u\000r\000e\000\040\000D\000e\000t\000a\000i\000l\000s}{section.3}% 16
\BOOKMARK [3][-]{subsubsection.3.2.1}{\376\377\000R\000M\000S\000N\000o\000r\000m\000\040\000\050\000R\000o\000o\000t\000\040\000M\000e\000a\000n\000\040\000S\000q\000u\000a\000r\000e\000\040\000N\000o\000r\000m\000a\000l\000i\000z\000a\000t\000i\000o\000n\000\051}{subsection.3.2}% 17
\BOOKMARK [3][-]{subsubsection.3.2.2}{\376\377\000R\000o\000t\000a\000r\000y\000\040\000P\000o\000s\000i\000t\000i\000o\000n\000\040\000E\000m\000b\000e\000d\000d\000i\000n\000g\000s\000\040\000\050\000R\000o\000P\000E\000\051}{subsection.3.2}% 18
\BOOKMARK [3][-]{subsubsection.3.2.3}{\376\377\000G\000r\000o\000u\000p\000e\000d\000\040\000Q\000u\000e\000r\000y\000\040\000A\000t\000t\000e\000n\000t\000i\000o\000n\000\040\000\050\000G\000Q\000A\000\051}{subsection.3.2}% 19
\BOOKMARK [3][-]{subsubsection.3.2.4}{\376\377\000S\000w\000i\000G\000L\000U\000\040\000A\000c\000t\000i\000v\000a\000t\000i\000o\000n}{subsection.3.2}% 20
\BOOKMARK [3][-]{subsubsection.3.2.5}{\376\377\000M\000i\000x\000t\000u\000r\000e\000\040\000o\000f\000\040\000E\000x\000p\000e\000r\000t\000s\000\040\000\050\000M\000o\000E\000\051}{subsection.3.2}% 21
\BOOKMARK [2][-]{subsection.3.3}{\376\377\000D\000y\000n\000a\000m\000i\000c\000\040\000S\000c\000a\000l\000i\000n\000g\000\040\000v\000i\000a\000\040\000A\000d\000a\000p\000t\000i\000v\000e\000\040\000A\000r\000c\000h\000i\000t\000e\000c\000t\000u\000r\000e}{section.3}% 22
\BOOKMARK [3][-]{subsubsection.3.3.1}{\376\377\000T\000h\000e\000\040\000S\000c\000a\000l\000i\000n\000g\000\040\000A\000l\000g\000o\000r\000i\000t\000h\000m}{subsection.3.3}% 23
\BOOKMARK [3][-]{subsubsection.3.3.2}{\376\377\000A\000u\000t\000o\000m\000a\000t\000e\000d\000\040\000A\000r\000c\000h\000i\000t\000e\000c\000t\000u\000r\000e\000\040\000U\000p\000d\000a\000t\000e\000s}{subsection.3.3}% 24
\BOOKMARK [2][-]{subsection.3.4}{\376\377\000D\000y\000n\000a\000m\000i\000c\000\040\000S\000c\000a\000l\000i\000n\000g\000\040\000v\000i\000a\000\040\000L\000a\000y\000e\000r\000\040\000P\000o\000o\000l\000i\000n\000g}{section.3}% 25
\BOOKMARK [3][-]{subsubsection.3.4.1}{\376\377\000T\000h\000e\000\040\000D\000y\000n\000a\000m\000i\000c\000\040\000L\000a\000y\000e\000r\000\040\000P\000o\000o\000l}{subsection.3.4}% 26
\BOOKMARK [3][-]{subsubsection.3.4.2}{\376\377\000C\000o\000n\000t\000r\000i\000b\000u\000t\000i\000o\000n\000-\000B\000a\000s\000e\000d\000\040\000R\000e\000w\000a\000r\000d\000s}{subsection.3.4}% 27
\BOOKMARK [3][-]{subsubsection.3.4.3}{\376\377\000E\000x\000a\000m\000p\000l\000e\000:\000\040\000N\000e\000t\000w\000o\000r\000k\000\040\000G\000r\000o\000w\000t\000h}{subsection.3.4}% 28
\BOOKMARK [2][-]{subsection.3.5}{\376\377\000F\000o\000r\000w\000a\000r\000d\000\040\000P\000a\000s\000s}{section.3}% 29
\BOOKMARK [2][-]{subsection.3.6}{\376\377\000M\000e\000m\000o\000r\000y\000\040\000R\000e\000q\000u\000i\000r\000e\000m\000e\000n\000t\000s\000\040\000-\000\040\000D\000y\000n\000a\000m\000i\000c\000\040\000A\000r\000c\000h\000i\000t\000e\000c\000t\000u\000r\000e}{section.3}% 30
\BOOKMARK [1][-]{section.4}{\376\377\000N\000e\000t\000w\000o\000r\000k\000\040\000T\000o\000p\000o\000l\000o\000g\000y\000\040\000a\000n\000d\000\040\000N\000o\000d\000e\000\040\000R\000o\000l\000e\000s}{}% 31
\BOOKMARK [2][-]{subsection.4.1}{\376\377\000S\000p\000e\000e\000d\000\040\000T\000i\000e\000r\000s}{section.4}% 32
\BOOKMARK [2][-]{subsection.4.2}{\376\377\000C\000o\000n\000t\000r\000i\000b\000u\000t\000i\000o\000n\000\040\000M\000o\000d\000e\000s}{section.4}% 33
\BOOKMARK [3][-]{subsubsection.4.2.1}{\376\377\000A\000s\000y\000n\000c\000\040\000M\000o\000d\000e\000\040\000F\000r\000e\000s\000h\000n\000e\000s\000s\000\040\000D\000e\000c\000a\000y}{subsection.4.2}% 34
\BOOKMARK [2][-]{subsection.4.3}{\376\377\000N\000o\000d\000e\000\040\000C\000a\000p\000a\000b\000i\000l\000i\000t\000y\000\040\000A\000s\000s\000e\000s\000s\000m\000e\000n\000t}{section.4}% 35
\BOOKMARK [1][-]{section.5}{\376\377\000D\000e\000c\000e\000n\000t\000r\000a\000l\000i\000z\000e\000d\000\040\000T\000r\000a\000i\000n\000i\000n\000g}{}% 36
\BOOKMARK [2][-]{subsection.5.1}{\376\377\000T\000r\000a\000i\000n\000i\000n\000g\000\040\000O\000v\000e\000r\000v\000i\000e\000w}{section.5}% 37
\BOOKMARK [2][-]{subsection.5.2}{\376\377\000Q\000u\000o\000r\000u\000m\000-\000B\000a\000s\000e\000d\000\040\000T\000r\000a\000i\000n\000i\000n\000g}{section.5}% 38
\BOOKMARK [3][-]{subsubsection.5.2.1}{\376\377\000Q\000u\000o\000r\000u\000m\000\040\000P\000r\000o\000p\000e\000r\000t\000i\000e\000s}{subsection.5.2}% 39
\BOOKMARK [3][-]{subsubsection.5.2.2}{\376\377\000Q\000u\000o\000r\000u\000m\000\040\000F\000o\000r\000m\000a\000t\000i\000o\000n\000\040\000A\000l\000g\000o\000r\000i\000t\000h\000m}{subsection.5.2}% 40
\BOOKMARK [3][-]{subsubsection.5.2.3}{\376\377\000Q\000u\000o\000r\000u\000m\000\040\000L\000i\000f\000e\000c\000y\000c\000l\000e}{subsection.5.2}% 41
\BOOKMARK [3][-]{subsubsection.5.2.4}{\376\377\000M\000u\000l\000t\000i\000p\000l\000e\000\040\000Q\000u\000o\000r\000u\000m\000s\000\040\000a\000t\000\040\000D\000i\000f\000f\000e\000r\000e\000n\000t\000\040\000S\000p\000e\000e\000d\000s}{subsection.5.2}% 42
\BOOKMARK [2][-]{subsection.5.3}{\376\377\000G\000e\000n\000e\000s\000i\000s\000\040\000D\000a\000t\000a\000s\000e\000t\000\040\000a\000n\000d\000\040\000D\000e\000t\000e\000r\000m\000i\000n\000i\000s\000t\000i\000c\000\040\000S\000h\000a\000r\000d\000i\000n\000g}{section.5}% 43
\BOOKMARK [3][-]{subsubsection.5.3.1}{\376\377\000D\000a\000t\000a\000\040\000P\000r\000o\000v\000i\000d\000e\000r\000\040\000N\000o\000d\000e\000s}{subsection.5.3}% 44
\BOOKMARK [3][-]{subsubsection.5.3.2}{\376\377\000Q\000u\000o\000r\000u\000m\000\040\000R\000o\000l\000e\000s}{subsection.5.3}% 45
\BOOKMARK [2][-]{subsection.5.4}{\376\377\000W\000i\000t\000h\000i\000n\000-\000Q\000u\000o\000r\000u\000m\000\040\000P\000i\000p\000e\000l\000i\000n\000e\000\040\000T\000r\000a\000i\000n\000i\000n\000g}{section.5}% 46
\BOOKMARK [3][-]{subsubsection.5.4.1}{\376\377\000G\000r\000a\000d\000i\000e\000n\000t\000\040\000C\000o\000m\000p\000r\000e\000s\000s\000i\000o\000n}{subsection.5.4}% 47
\BOOKMARK [2][-]{subsection.5.5}{\376\377\000C\000r\000o\000s\000s\000-\000Q\000u\000o\000r\000u\000m\000\040\000S\000y\000n\000c\000h\000r\000o\000n\000i\000z\000a\000t\000i\000o\000n\000\040\000\050\000D\000i\000L\000o\000C\000o\000\051}{section.5}% 48
\BOOKMARK [3][-]{subsubsection.5.5.1}{\376\377\000L\000o\000c\000a\000l\000\040\000I\000n\000n\000e\000r\000\040\000L\000o\000o\000p}{subsection.5.5}% 49
\BOOKMARK [3][-]{subsubsection.5.5.2}{\376\377\000C\000r\000o\000s\000s\000-\000Q\000u\000o\000r\000u\000m\000\040\000A\000g\000g\000r\000e\000g\000a\000t\000i\000o\000n}{subsection.5.5}% 50
\BOOKMARK [3][-]{subsubsection.5.5.3}{\376\377\000O\000u\000t\000e\000r\000\040\000O\000p\000t\000i\000m\000i\000z\000e\000r}{subsection.5.5}% 51
\BOOKMARK [3][-]{subsubsection.5.5.4}{\376\377\000B\000a\000n\000d\000w\000i\000d\000t\000h\000\040\000R\000e\000d\000u\000c\000t\000i\000o\000n}{subsection.5.5}% 52
\BOOKMARK [2][-]{subsection.5.6}{\376\377\000T\000r\000a\000i\000n\000i\000n\000g\000\040\000R\000e\000w\000a\000r\000d\000s}{section.5}% 53
\BOOKMARK [3][-]{subsubsection.5.6.1}{\376\377\000G\000r\000a\000d\000i\000e\000n\000t\000\040\000W\000e\000i\000g\000h\000t\000i\000n\000g\000\040\000\050\000F\000a\000i\000r\000\040\000I\000n\000f\000l\000u\000e\000n\000c\000e\000\051}{subsection.5.6}% 54
\BOOKMARK [3][-]{subsubsection.5.6.2}{\376\377\000S\000c\000a\000r\000c\000i\000t\000y\000-\000B\000a\000s\000e\000d\000\040\000I\000n\000c\000e\000n\000t\000i\000v\000e\000s}{subsection.5.6}% 55
\BOOKMARK [3][-]{subsubsection.5.6.3}{\376\377\000R\000o\000l\000e\000\040\000M\000u\000l\000t\000i\000p\000l\000i\000e\000r\000s}{subsection.5.6}% 56
\BOOKMARK [1][-]{section.6}{\376\377\000S\000y\000s\000t\000e\000m\000\040\000A\000r\000c\000h\000i\000t\000e\000c\000t\000u\000r\000e}{}% 57
\BOOKMARK [2][-]{subsection.6.1}{\376\377\000H\000i\000g\000h\000-\000L\000e\000v\000e\000l\000\040\000O\000v\000e\000r\000v\000i\000e\000w}{section.6}% 58
\BOOKMARK [2][-]{subsection.6.2}{\376\377\000N\000e\000u\000r\000o\000N\000o\000d\000e}{section.6}% 59
\BOOKMARK [2][-]{subsection.6.3}{\376\377\000P\0002\000P\000\040\000N\000e\000t\000w\000o\000r\000k\000\040\000L\000a\000y\000e\000r}{section.6}% 60
\BOOKMARK [3][-]{subsubsection.6.3.1}{\376\377\000P\000e\000e\000r\000\040\000D\000i\000s\000c\000o\000v\000e\000r\000y}{subsection.6.3}% 61
\BOOKMARK [3][-]{subsubsection.6.3.2}{\376\377\000G\000r\000a\000d\000i\000e\000n\000t\000\040\000G\000o\000s\000s\000i\000p}{subsection.6.3}% 62
\BOOKMARK [2][-]{subsection.6.4}{\376\377\000D\000e\000c\000e\000n\000t\000r\000a\000l\000i\000z\000e\000d\000\040\000I\000n\000f\000e\000r\000e\000n\000c\000e\000\040\000P\000r\000o\000t\000o\000c\000o\000l}{section.6}% 63
\BOOKMARK [3][-]{subsubsection.6.4.1}{\376\377\000I\000n\000f\000e\000r\000e\000n\000c\000e\000\040\000F\000l\000o\000w}{subsection.6.4}% 64
\BOOKMARK [3][-]{subsubsection.6.4.2}{\376\377\000D\000y\000n\000a\000m\000i\000c\000\040\000P\000r\000i\000c\000i\000n\000g}{subsection.6.4}% 65
\BOOKMARK [1][-]{section.7}{\376\377\000P\000r\000o\000o\000f\000\040\000o\000f\000\040\000N\000e\000u\000r\000a\000l\000\040\000W\000o\000r\000k\000\040\000\050\000P\000o\000N\000W\000\051}{}% 66
\BOOKMARK [2][-]{subsection.7.1}{\376\377\000O\000v\000e\000r\000v\000i\000e\000w}{section.7}% 67
\BOOKMARK [2][-]{subsection.7.2}{\376\377\000P\000o\000N\000W\000\040\000a\000s\000\040\000t\000h\000e\000\040\000M\000o\000d\000e\000l\000\040\000B\000u\000i\000l\000d\000e\000r}{section.7}% 68
\BOOKMARK [2][-]{subsection.7.3}{\376\377\000P\000o\000N\000W\000\040\000C\000o\000m\000p\000o\000n\000e\000n\000t\000s}{section.7}% 69
\BOOKMARK [2][-]{subsection.7.4}{\376\377\000O\000p\000t\000i\000m\000i\000s\000t\000i\000c\000\040\000V\000e\000r\000i\000f\000i\000c\000a\000t\000i\000o\000n}{section.7}% 70
\BOOKMARK [3][-]{subsubsection.7.4.1}{\376\377\000C\000h\000a\000l\000l\000e\000n\000g\000e\000\040\000P\000r\000o\000t\000o\000c\000o\000l}{subsection.7.4}% 71
\BOOKMARK [3][-]{subsubsection.7.4.2}{\376\377\000G\000a\000m\000e\000\040\000T\000h\000e\000o\000r\000y}{subsection.7.4}% 72
\BOOKMARK [3][-]{subsubsection.7.4.3}{\376\377\000A\000d\000a\000p\000t\000i\000v\000e\000\040\000V\000e\000r\000i\000f\000i\000c\000a\000t\000i\000o\000n\000\040\000R\000a\000t\000e}{subsection.7.4}% 73
\BOOKMARK [2][-]{subsection.7.5}{\376\377\000C\000h\000a\000i\000n\000e\000d\000\040\000P\000o\000N\000W\000\040\000a\000n\000d\000\040\000E\000p\000o\000c\000h\000\040\000S\000t\000r\000u\000c\000t\000u\000r\000e}{section.7}% 74
\BOOKMARK [3][-]{subsubsection.7.5.1}{\376\377\000E\000p\000o\000c\000h\000\040\000D\000e\000f\000i\000n\000i\000t\000i\000o\000n}{subsection.7.5}% 75
\BOOKMARK [3][-]{subsubsection.7.5.2}{\376\377\000M\000o\000d\000e\000l\000\040\000S\000t\000a\000t\000e\000\040\000C\000o\000m\000m\000i\000t\000m\000e\000n\000t\000s}{subsection.7.5}% 76
\BOOKMARK [3][-]{subsubsection.7.5.3}{\376\377\000G\000r\000a\000d\000i\000e\000n\000t\000\040\000C\000o\000m\000m\000i\000t\000m\000e\000n\000t\000s\000\040\000\050\000N\000o\000n\000c\000e\000\040\000E\000q\000u\000i\000v\000a\000l\000e\000n\000t\000\051}{subsection.7.5}% 77
\BOOKMARK [3][-]{subsubsection.7.5.4}{\376\377\000E\000p\000o\000c\000h\000\040\000C\000h\000a\000i\000n\000\040\000V\000e\000r\000i\000f\000i\000c\000a\000t\000i\000o\000n}{subsection.7.5}% 78
\BOOKMARK [3][-]{subsubsection.7.5.5}{\376\377\000S\000e\000c\000u\000r\000i\000t\000y\000\040\000P\000r\000o\000p\000e\000r\000t\000i\000e\000s}{subsection.7.5}% 79
\BOOKMARK [2][-]{subsection.7.6}{\376\377\000T\000h\000e\000\040\000T\000r\000a\000i\000n\000i\000n\000g\000-\000M\000i\000n\000i\000n\000g\000\040\000E\000q\000u\000i\000v\000a\000l\000e\000n\000c\000e}{section.7}% 80
\BOOKMARK [2][-]{subsection.7.7}{\376\377\000R\000e\000w\000a\000r\000d\000\040\000F\000u\000n\000c\000t\000i\000o\000n}{section.7}% 81
\BOOKMARK [2][-]{subsection.7.8}{\376\377\000P\000r\000o\000o\000f\000\040\000G\000e\000n\000e\000r\000a\000t\000i\000o\000n}{section.7}% 82
\BOOKMARK [2][-]{subsection.7.9}{\376\377\000P\000r\000o\000o\000f\000\040\000V\000a\000l\000i\000d\000a\000t\000i\000o\000n}{section.7}% 83
\BOOKMARK [2][-]{subsection.7.10}{\376\377\000G\000r\000a\000d\000i\000e\000n\000t\000\040\000V\000e\000r\000i\000f\000i\000c\000a\000t\000i\000o\000n}{section.7}% 84
\BOOKMARK [3][-]{subsubsection.7.10.1}{\376\377\000S\000t\000a\000t\000i\000s\000t\000i\000c\000a\000l\000\040\000V\000e\000r\000i\000f\000i\000c\000a\000t\000i\000o\000n}{subsection.7.10}% 85
\BOOKMARK [3][-]{subsubsection.7.10.2}{\376\377\000L\000o\000s\000s\000-\000B\000a\000s\000e\000d\000\040\000V\000e\000r\000i\000f\000i\000c\000a\000t\000i\000o\000n}{subsection.7.10}% 86
\BOOKMARK [3][-]{subsubsection.7.10.3}{\376\377\000C\000r\000o\000s\000s\000-\000V\000a\000l\000i\000d\000a\000t\000i\000o\000n}{subsection.7.10}% 87
\BOOKMARK [2][-]{subsection.7.11}{\376\377\000A\000t\000t\000a\000c\000k\000\040\000P\000r\000e\000v\000e\000n\000t\000i\000o\000n}{section.7}% 88
\BOOKMARK [2][-]{subsection.7.12}{\376\377\000C\000r\000y\000p\000t\000o\000g\000r\000a\000p\000h\000i\000c\000\040\000S\000e\000c\000u\000r\000i\000t\000y\000\040\000M\000o\000d\000e\000l}{section.7}% 89
\BOOKMARK [1][-]{section.8}{\376\377\000V\000e\000r\000i\000f\000i\000c\000a\000t\000i\000o\000n\000\040\000a\000n\000d\000\040\000S\000t\000a\000k\000i\000n\000g}{}% 90
\BOOKMARK [2][-]{subsection.8.1}{\376\377\000W\000o\000r\000k\000-\000F\000i\000r\000s\000t\000,\000\040\000S\000t\000a\000k\000e\000-\000E\000n\000h\000a\000n\000c\000e\000d}{section.8}% 91
\BOOKMARK [2][-]{subsection.8.2}{\376\377\000V\000e\000r\000i\000f\000i\000e\000r\000\040\000M\000o\000d\000e}{section.8}% 92
\BOOKMARK [2][-]{subsection.8.3}{\376\377\000S\000t\000a\000k\000i\000n\000g\000\040\000R\000e\000q\000u\000i\000r\000e\000m\000e\000n\000t\000s}{section.8}% 93
\BOOKMARK [2][-]{subsection.8.4}{\376\377\000S\000l\000a\000s\000h\000i\000n\000g\000\040\000C\000o\000n\000d\000i\000t\000i\000o\000n\000s}{section.8}% 94
\BOOKMARK [2][-]{subsection.8.5}{\376\377\000D\000i\000m\000i\000n\000i\000s\000h\000i\000n\000g\000\040\000S\000t\000a\000k\000e\000\040\000R\000e\000t\000u\000r\000n\000s}{section.8}% 95
\BOOKMARK [2][-]{subsection.8.6}{\376\377\000V\000e\000r\000i\000f\000i\000e\000r\000\040\000E\000c\000o\000n\000o\000m\000i\000c\000s}{section.8}% 96
\BOOKMARK [3][-]{subsubsection.8.6.1}{\376\377\000V\000e\000r\000i\000f\000i\000e\000r\000\040\000R\000e\000w\000a\000r\000d\000s}{subsection.8.6}% 97
\BOOKMARK [2][-]{subsection.8.7}{\376\377\000W\000h\000y\000\040\000W\000o\000r\000k\000-\000P\000l\000u\000s\000-\000S\000t\000a\000k\000e\000\040\000W\000o\000r\000k\000s}{section.8}% 98
\BOOKMARK [1][-]{section.9}{\376\377\000R\000o\000b\000u\000s\000t\000n\000e\000s\000s\000\040\000a\000n\000d\000\040\000A\000n\000t\000i\000-\000P\000o\000i\000s\000o\000n\000i\000n\000g}{}% 99
\BOOKMARK [2][-]{subsection.9.1}{\376\377\000T\000h\000e\000\040\000M\000o\000d\000e\000l\000\040\000P\000o\000i\000s\000o\000n\000i\000n\000g\000\040\000T\000h\000r\000e\000a\000t}{section.9}% 100
\BOOKMARK [2][-]{subsection.9.2}{\376\377\000R\000o\000b\000u\000s\000t\000\040\000A\000g\000g\000r\000e\000g\000a\000t\000i\000o\000n}{section.9}% 101
\BOOKMARK [2][-]{subsection.9.3}{\376\377\000A\000d\000v\000e\000r\000s\000a\000r\000i\000a\000l\000\040\000R\000e\000s\000i\000s\000t\000a\000n\000c\000e\000\040\000M\000a\000t\000r\000i\000x}{section.9}% 102
\BOOKMARK [2][-]{subsection.9.4}{\376\377\000C\000r\000o\000s\000s\000-\000Q\000u\000o\000r\000u\000m\000\040\000V\000e\000r\000i\000f\000i\000c\000a\000t\000i\000o\000n}{section.9}% 103
\BOOKMARK [2][-]{subsection.9.5}{\376\377\000T\000h\000e\000\040\000F\000r\000a\000u\000d\000\040\000P\000r\000o\000o\000f\000\040\000S\000y\000s\000t\000e\000m}{section.9}% 104
\BOOKMARK [1][-]{section.10}{\376\377\000G\000o\000v\000e\000r\000n\000a\000n\000c\000e\000\040\000a\000n\000d\000\040\000T\000h\000e\000\040\000N\000e\000u\000r\000o\000D\000A\000O}{}% 105
\BOOKMARK [2][-]{subsection.10.1}{\376\377\000W\000h\000a\000t\000\040\000N\000e\000u\000r\000o\000D\000A\000O\000\040\000D\000o\000e\000s\000\040\000N\000O\000T\000\040\000C\000o\000n\000t\000r\000o\000l}{section.10}% 106
\BOOKMARK [2][-]{subsection.10.2}{\376\377\000W\000h\000a\000t\000\040\000N\000e\000u\000r\000o\000D\000A\000O\000\040\000C\000o\000n\000t\000r\000o\000l\000s}{section.10}% 107
\BOOKMARK [2][-]{subsection.10.3}{\376\377\000V\000o\000c\000a\000b\000u\000l\000a\000r\000y\000\040\000G\000o\000v\000e\000r\000n\000a\000n\000c\000e}{section.10}% 108
\BOOKMARK [3][-]{subsubsection.10.3.1}{\376\377\000V\000o\000c\000a\000b\000u\000l\000a\000r\000y\000\040\000P\000r\000o\000p\000o\000s\000a\000l\000\040\000P\000r\000o\000c\000e\000s\000s}{subsection.10.3}% 109
\BOOKMARK [2][-]{subsection.10.4}{\376\377\000M\000o\000d\000e\000l\000\040\000A\000r\000c\000h\000i\000t\000e\000c\000t\000u\000r\000e\000\040\000G\000o\000v\000e\000r\000n\000a\000n\000c\000e}{section.10}% 110
\BOOKMARK [1][-]{section.11}{\376\377\000N\000E\000U\000R\000O\000\040\000T\000o\000k\000e\000n\000\040\000E\000c\000o\000n\000o\000m\000i\000c\000s}{}% 111
\BOOKMARK [2][-]{subsection.11.1}{\376\377\000T\000o\000k\000e\000n\000\040\000U\000t\000i\000l\000i\000t\000y}{section.11}% 112
\BOOKMARK [2][-]{subsection.11.2}{\376\377\000G\000e\000n\000e\000s\000i\000s\000\040\000B\000l\000o\000c\000k\000\040\000a\000n\000d\000\040\000T\000r\000a\000n\000s\000p\000a\000r\000e\000n\000c\000y}{section.11}% 113
\BOOKMARK [2][-]{subsection.11.3}{\376\377\000D\000e\000f\000l\000a\000t\000i\000o\000n\000a\000r\000y\000\040\000M\000e\000c\000h\000a\000n\000i\000c\000s}{section.11}% 114
\BOOKMARK [2][-]{subsection.11.4}{\376\377\000E\000a\000r\000n\000i\000n\000g\000\040\000N\000E\000U\000R\000O}{section.11}% 115
\BOOKMARK [3][-]{subsubsection.11.4.1}{\376\377\000P\000r\000i\000v\000a\000c\000y\000-\000P\000r\000e\000s\000e\000r\000v\000i\000n\000g\000\040\000D\000i\000s\000t\000r\000i\000b\000u\000t\000e\000d\000\040\000I\000n\000f\000e\000r\000e\000n\000c\000e\000\040\000M\000a\000r\000k\000e\000t\000p\000l\000a\000c\000e}{subsection.11.4}% 116
\BOOKMARK [3][-]{subsubsection.11.4.2}{\376\377\000M\000u\000l\000t\000i\000p\000l\000i\000e\000r\000s\000\040\000a\000n\000d\000\040\000B\000o\000n\000u\000s\000e\000s}{subsection.11.4}% 117
\BOOKMARK [2][-]{subsection.11.5}{\376\377\000S\000p\000e\000n\000d\000i\000n\000g\000\040\000N\000E\000U\000R\000O}{section.11}% 118
\BOOKMARK [2][-]{subsection.11.6}{\376\377\000E\000c\000o\000n\000o\000m\000i\000c\000\040\000E\000q\000u\000i\000l\000i\000b\000r\000i\000u\000m}{section.11}% 119
\BOOKMARK [1][-]{section.12}{\376\377\000S\000e\000c\000u\000r\000i\000t\000y\000\040\000C\000o\000n\000s\000i\000d\000e\000r\000a\000t\000i\000o\000n\000s}{}% 120
\BOOKMARK [2][-]{subsection.12.1}{\376\377\000T\000h\000r\000e\000a\000t\000\040\000M\000o\000d\000e\000l}{section.12}% 121
\BOOKMARK [2][-]{subsection.12.2}{\376\377\000D\000a\000t\000a\000\040\000P\000r\000i\000v\000a\000c\000y}{section.12}% 122
\BOOKMARK [2][-]{subsection.12.3}{\376\377\000M\000o\000d\000e\000l\000\040\000I\000n\000t\000e\000g\000r\000i\000t\000y}{section.12}% 123
\BOOKMARK [2][-]{subsection.12.4}{\376\377\000S\000y\000b\000i\000l\000\040\000R\000e\000s\000i\000s\000t\000a\000n\000c\000e}{section.12}% 124
\BOOKMARK [1][-]{section.13}{\376\377\000C\000h\000e\000c\000k\000p\000o\000i\000n\000t\000\040\000S\000y\000s\000t\000e\000m\000\040\000a\000n\000d\000\040\000S\000t\000a\000t\000e\000\040\000S\000h\000a\000r\000d\000i\000n\000g}{}% 125
\BOOKMARK [2][-]{subsection.13.1}{\376\377\000S\000h\000a\000r\000d\000e\000d\000\040\000C\000h\000e\000c\000k\000p\000o\000i\000n\000t\000s}{section.13}% 126
\BOOKMARK [2][-]{subsection.13.2}{\376\377\000C\000h\000e\000c\000k\000p\000o\000i\000n\000t\000\040\000S\000t\000r\000u\000c\000t\000u\000r\000e}{section.13}% 127
\BOOKMARK [2][-]{subsection.13.3}{\376\377\000C\000h\000e\000c\000k\000p\000o\000i\000n\000t\000\040\000S\000y\000n\000c\000h\000r\000o\000n\000i\000z\000a\000t\000i\000o\000n}{section.13}% 128
\BOOKMARK [2][-]{subsection.13.4}{\376\377\000M\000o\000d\000e\000l\000\040\000E\000v\000o\000l\000u\000t\000i\000o\000n\000\040\000O\000v\000e\000r\000\040\000T\000i\000m\000e}{section.13}% 129
\BOOKMARK [3][-]{subsubsection.13.4.1}{\376\377\000C\000o\000n\000t\000i\000n\000u\000o\000u\000s\000\040\000T\000r\000a\000i\000n\000i\000n\000g}{subsection.13.4}% 130
\BOOKMARK [3][-]{subsubsection.13.4.2}{\376\377\000L\000a\000y\000e\000r\000\040\000G\000r\000o\000w\000t\000h\000\040\000S\000y\000s\000t\000e\000m}{subsection.13.4}% 131
\BOOKMARK [3][-]{subsubsection.13.4.3}{\376\377\000L\000a\000y\000e\000r\000\040\000A\000d\000d\000i\000t\000i\000o\000n\000\040\000S\000e\000q\000u\000e\000n\000c\000e}{subsection.13.4}% 132
\BOOKMARK [3][-]{subsubsection.13.4.4}{\376\377\000I\000d\000e\000n\000t\000i\000t\000y\000\040\000I\000n\000i\000t\000i\000a\000l\000i\000z\000a\000t\000i\000o\000n}{subsection.13.4}% 133
\BOOKMARK [2][-]{subsection.13.5}{\376\377\000T\000h\000e\000\040\000I\000n\000t\000e\000l\000l\000i\000g\000e\000n\000c\000e\000\040\000L\000e\000d\000g\000e\000r}{section.13}% 134
\BOOKMARK [1][-]{section.14}{\376\377\000I\000m\000p\000l\000e\000m\000e\000n\000t\000a\000t\000i\000o\000n}{}% 135
\BOOKMARK [2][-]{subsection.14.1}{\376\377\000T\000e\000c\000h\000n\000o\000l\000o\000g\000y\000\040\000S\000t\000a\000c\000k}{section.14}% 136
\BOOKMARK [2][-]{subsection.14.2}{\376\377\000A\000P\000I\000\040\000E\000n\000d\000p\000o\000i\000n\000t\000s}{section.14}% 137
\BOOKMARK [2][-]{subsection.14.3}{\376\377\000D\000e\000s\000k\000t\000o\000p\000\040\000A\000p\000p\000l\000i\000c\000a\000t\000i\000o\000n}{section.14}% 138
\BOOKMARK [1][-]{section.15}{\376\377\000S\000c\000a\000l\000e\000\040\000A\000d\000a\000p\000t\000a\000t\000i\000o\000n\000\040\000a\000n\000d\000\040\000N\000e\000t\000w\000o\000r\000k\000\040\000P\000h\000a\000s\000e\000s}{}% 139
\BOOKMARK [2][-]{subsection.15.1}{\376\377\000N\000e\000t\000w\000o\000r\000k\000\040\000P\000h\000a\000s\000e\000s}{section.15}% 140
\BOOKMARK [2][-]{subsection.15.2}{\376\377\000A\000d\000a\000p\000t\000i\000v\000e\000\040\000P\000a\000r\000a\000m\000e\000t\000e\000r\000s}{section.15}% 141
\BOOKMARK [1][-]{section.16}{\376\377\000V\000i\000s\000i\000o\000n\000\040\000a\000n\000d\000\040\000R\000o\000a\000d\000m\000a\000p}{}% 142
\BOOKMARK [2][-]{subsection.16.1}{\376\377\000F\000o\000u\000n\000d\000a\000t\000i\000o\000n}{section.16}% 143
\BOOKMARK [2][-]{subsection.16.2}{\376\377\000R\000o\000b\000u\000s\000t\000\040\000T\000r\000a\000i\000n\000i\000n\000g}{section.16}% 144
\BOOKMARK [2][-]{subsection.16.3}{\376\377\000S\000c\000a\000l\000e}{section.16}% 145
\BOOKMARK [2][-]{subsection.16.4}{\376\377\000M\000a\000t\000u\000r\000i\000t\000y}{section.16}% 146
\BOOKMARK [1][-]{section.17}{\376\377\000D\000i\000s\000t\000r\000i\000b\000u\000t\000e\000d\000\040\000A\000r\000c\000h\000i\000t\000e\000c\000t\000u\000r\000e\000\040\000a\000n\000d\000\040\000P\000a\000r\000a\000l\000l\000e\000l\000i\000s\000m}{}% 147
\BOOKMARK [2][-]{subsection.17.1}{\376\377\000T\000h\000e\000\040\000D\000y\000n\000a\000m\000i\000c\000\040\000A\000p\000p\000r\000o\000a\000c\000h}{section.17}% 148
\BOOKMARK [2][-]{subsection.17.2}{\376\377\000A\000d\000v\000a\000n\000c\000e\000d\000\040\000P\000a\000r\000a\000l\000l\000e\000l\000i\000s\000m}{section.17}% 149
\BOOKMARK [3][-]{subsubsection.17.2.1}{\376\377\000T\000e\000n\000s\000o\000r\000\040\000P\000a\000r\000a\000l\000l\000e\000l\000i\000s\000m}{subsection.17.2}% 150
\BOOKMARK [3][-]{subsubsection.17.2.2}{\376\377\000P\000i\000p\000e\000l\000i\000n\000e\000\040\000P\000a\000r\000a\000l\000l\000e\000l\000i\000s\000m}{subsection.17.2}% 151
\BOOKMARK [2][-]{subsection.17.3}{\376\377\000H\000y\000b\000r\000i\000d\000\040\000P\000a\000r\000a\000l\000l\000e\000l\000i\000s\000m}{section.17}% 152
\BOOKMARK [2][-]{subsection.17.4}{\376\377\000T\000r\000a\000i\000n\000i\000n\000g\000\040\000a\000t\000\040\000S\000c\000a\000l\000e}{section.17}% 153
\BOOKMARK [2][-]{subsection.17.5}{\376\377\000T\000h\000e\000\040\000K\000e\000y\000\040\000I\000n\000s\000i\000g\000h\000t}{section.17}% 154
\BOOKMARK [1][-]{section.18}{\376\377\000Q\000u\000o\000r\000u\000m\000\040\000R\000e\000s\000i\000l\000i\000e\000n\000c\000e\000\040\000a\000n\000d\000\040\000F\000a\000u\000l\000t\000\040\000T\000o\000l\000e\000r\000a\000n\000c\000e}{}% 155
\BOOKMARK [2][-]{subsection.18.1}{\376\377\000D\000e\000s\000i\000g\000n\000\040\000P\000h\000i\000l\000o\000s\000o\000p\000h\000y\000:\000\040\000T\000h\000r\000o\000u\000g\000h\000p\000u\000t\000\040\000o\000v\000e\000r\000\040\000L\000a\000t\000e\000n\000c\000y}{section.18}% 156
\BOOKMARK [2][-]{subsection.18.2}{\376\377\000Q\000u\000o\000r\000u\000m\000\040\000H\000e\000a\000l\000t\000h\000\040\000a\000n\000d\000\040\000R\000e\000p\000l\000a\000c\000e\000m\000e\000n\000t}{section.18}% 157
\BOOKMARK [2][-]{subsection.18.3}{\376\377\000M\000u\000l\000t\000i\000p\000a\000t\000h\000\040\000R\000o\000u\000t\000i\000n\000g\000\040\000\050\000F\000a\000u\000l\000t\000-\000T\000o\000l\000e\000r\000a\000n\000t\000\051}{section.18}% 158
\BOOKMARK [3][-]{subsubsection.18.3.1}{\376\377\000K\000e\000y\000\040\000D\000i\000r\000e\000c\000t\000i\000v\000e}{subsection.18.3}% 159
\BOOKMARK [3][-]{subsubsection.18.3.2}{\376\377\000M\000u\000l\000t\000i\000p\000a\000t\000h\000\040\000R\000o\000u\000t\000i\000n\000g}{subsection.18.3}% 160
\BOOKMARK [3][-]{subsubsection.18.3.3}{\376\377\000P\000r\000o\000b\000a\000b\000i\000l\000i\000s\000t\000i\000c\000\040\000S\000e\000n\000d\000\040\000w\000i\000t\000h\000\040\000F\000a\000i\000l\000o\000v\000e\000r}{subsection.18.3}% 161
\BOOKMARK [3][-]{subsubsection.18.3.4}{\376\377\000C\000a\000p\000a\000c\000i\000t\000y\000\040\000B\000i\000t\000m\000a\000s\000k\000\040\000H\000e\000a\000r\000t\000b\000e\000a\000t\000s}{subsection.18.3}% 162
\BOOKMARK [2][-]{subsection.18.4}{\376\377\000A\000s\000y\000n\000c\000h\000r\000o\000n\000o\000u\000s\000\040\000M\000i\000c\000r\000o\000-\000B\000a\000t\000c\000h\000\040\000E\000n\000g\000i\000n\000e}{section.18}% 163
\BOOKMARK [3][-]{subsubsection.18.4.1}{\376\377\000K\000e\000y\000\040\000D\000i\000r\000e\000c\000t\000i\000v\000e}{subsection.18.4}% 164
\BOOKMARK [3][-]{subsubsection.18.4.2}{\376\377\000A\000c\000t\000i\000v\000a\000t\000i\000o\000n\000\040\000B\000u\000f\000f\000e\000r\000i\000n\000g}{subsection.18.4}% 165
\BOOKMARK [3][-]{subsubsection.18.4.3}{\376\377\000I\000n\000t\000e\000r\000l\000e\000a\000v\000e\000d\000\040\0001\000F\0001\000B\000\040\000S\000c\000h\000e\000d\000u\000l\000e}{subsection.18.4}% 166
\BOOKMARK [3][-]{subsubsection.18.4.4}{\376\377\000D\000y\000n\000a\000m\000i\000c\000\040\000M\000i\000c\000r\000o\000-\000B\000a\000t\000c\000h\000\040\000S\000i\000z\000i\000n\000g}{subsection.18.4}% 167
\BOOKMARK [2][-]{subsection.18.5}{\376\377\000E\000x\000t\000r\000e\000m\000e\000\040\000G\000r\000a\000d\000i\000e\000n\000t\000\040\000A\000c\000c\000u\000m\000u\000l\000a\000t\000i\000o\000n\000\040\000\050\000D\000i\000L\000o\000C\000o\000-\000S\000t\000y\000l\000e\000\051}{section.18}% 168
\BOOKMARK [3][-]{subsubsection.18.5.1}{\376\377\000K\000e\000y\000\040\000D\000i\000r\000e\000c\000t\000i\000v\000e}{subsection.18.5}% 169
\BOOKMARK [3][-]{subsubsection.18.5.2}{\376\377\000L\000o\000c\000a\000l\000\040\000I\000n\000n\000e\000r\000\040\000L\000o\000o\000p}{subsection.18.5}% 170
\BOOKMARK [3][-]{subsubsection.18.5.3}{\376\377\000O\000u\000t\000e\000r\000\040\000O\000p\000t\000i\000m\000i\000z\000e\000r}{subsection.18.5}% 171
\BOOKMARK [3][-]{subsubsection.18.5.4}{\376\377\000B\000a\000n\000d\000w\000i\000d\000t\000h\000\040\000R\000e\000d\000u\000c\000t\000i\000o\000n}{subsection.18.5}% 172
\BOOKMARK [3][-]{subsubsection.18.5.5}{\376\377\000E\000n\000h\000a\000n\000c\000e\000d\000\040\000V\000e\000r\000i\000f\000i\000c\000a\000t\000i\000o\000n}{subsection.18.5}% 173
\BOOKMARK [2][-]{subsection.18.6}{\376\377\000S\000p\000e\000c\000u\000l\000a\000t\000i\000v\000e\000\040\000C\000h\000e\000c\000k\000p\000o\000i\000n\000t\000i\000n\000g}{section.18}% 174
\BOOKMARK [2][-]{subsection.18.7}{\376\377\000S\000u\000m\000m\000a\000r\000y\000:\000\040\000R\000e\000s\000i\000l\000i\000e\000n\000c\000e\000\040\000T\000h\000r\000o\000u\000g\000h\000\040\000D\000e\000s\000i\000g\000n}{section.18}% 175
\BOOKMARK [1][-]{section.19}{\376\377\000P\000h\000i\000l\000o\000s\000o\000p\000h\000y\000:\000\040\000W\000h\000y\000\040\000D\000e\000c\000e\000n\000t\000r\000a\000l\000i\000z\000e\000d\000\040\000A\000I\000\040\000M\000a\000t\000t\000e\000r\000s}{}% 176
\BOOKMARK [2][-]{subsection.19.1}{\376\377\000T\000h\000e\000\040\000C\000o\000n\000c\000e\000n\000t\000r\000a\000t\000i\000o\000n\000\040\000P\000r\000o\000b\000l\000e\000m}{section.19}% 177
\BOOKMARK [2][-]{subsection.19.2}{\376\377\000T\000h\000e\000\040\000N\000e\000u\000r\000o\000S\000h\000a\000r\000d\000\040\000P\000r\000i\000n\000c\000i\000p\000l\000e\000s}{section.19}% 178
\BOOKMARK [3][-]{subsubsection.19.2.1}{\376\377\000P\000r\000i\000n\000c\000i\000p\000l\000e\000\040\0001\000:\000\040\000I\000n\000t\000e\000l\000l\000i\000g\000e\000n\000c\000e\000\040\000S\000h\000o\000u\000l\000d\000\040\000B\000e\000\040\000a\000\040\000P\000u\000b\000l\000i\000c\000\040\000G\000o\000o\000d}{subsection.19.2}% 179
\BOOKMARK [3][-]{subsubsection.19.2.2}{\376\377\000P\000r\000i\000n\000c\000i\000p\000l\000e\000\040\0002\000:\000\040\000C\000o\000n\000t\000r\000i\000b\000u\000t\000o\000r\000s\000\040\000S\000h\000o\000u\000l\000d\000\040\000O\000w\000n\000\040\000W\000h\000a\000t\000\040\000T\000h\000e\000y\000\040\000B\000u\000i\000l\000d}{subsection.19.2}% 180
\BOOKMARK [3][-]{subsubsection.19.2.3}{\376\377\000P\000r\000i\000n\000c\000i\000p\000l\000e\000\040\0003\000:\000\040\000N\000o\000\040\000S\000i\000n\000g\000l\000e\000\040\000P\000o\000i\000n\000t\000\040\000o\000f\000\040\000C\000o\000n\000t\000r\000o\000l}{subsection.19.2}% 181
\BOOKMARK [3][-]{subsubsection.19.2.4}{\376\377\000P\000r\000i\000n\000c\000i\000p\000l\000e\000\040\0004\000:\000\040\000S\000t\000a\000r\000t\000\040\000S\000i\000m\000p\000l\000e\000,\000\040\000G\000r\000o\000w\000\040\000T\000o\000g\000e\000t\000h\000e\000r}{subsection.19.2}% 182
\BOOKMARK [2][-]{subsection.19.3}{\376\377\000T\000h\000e\000\040\000L\000o\000n\000g\000-\000T\000e\000r\000m\000\040\000V\000i\000s\000i\000o\000n}{section.19}% 183
\BOOKMARK [1][-]{section.20}{\376\377\000C\000o\000n\000c\000l\000u\000s\000i\000o\000n}{}% 184
\BOOKMARK [1][-]{section.21}{\376\377\000A\000c\000k\000n\000o\000w\000l\000e\000d\000g\000m\000e\000n\000t\000s}{}% 185
\BOOKMARK [1][-]{appendix.A}{\376\377\000C\000o\000d\000e\000\040\000E\000x\000a\000m\000p\000l\000e\000s}{}% 186
\BOOKMARK [2][-]{subsection.A.1}{\376\377\000S\000t\000a\000r\000t\000i\000n\000g\000\040\000a\000\040\000N\000e\000u\000r\000o\000N\000o\000d\000e}{appendix.A}% 187
\BOOKMARK [2][-]{subsection.A.2}{\376\377\000C\000o\000n\000t\000r\000i\000b\000u\000t\000i\000n\000g\000\040\000T\000r\000a\000i\000n\000i\000n\000g\000\040\000D\000a\000t\000a}{appendix.A}% 188
\BOOKMARK [2][-]{subsection.A.3}{\376\377\000G\000e\000n\000e\000r\000a\000t\000i\000n\000g\000\040\000T\000e\000x\000t}{appendix.A}% 189
\BOOKMARK [1][-]{appendix.B}{\376\377\000C\000o\000n\000f\000i\000g\000u\000r\000a\000t\000i\000o\000n\000\040\000R\000e\000f\000e\000r\000e\000n\000c\000e}{}% 190
\BOOKMARK [2][-]{subsection.B.1}{\376\377\000N\000e\000u\000r\000o\000L\000L\000M\000\040\000D\000y\000n\000a\000m\000i\000c\000\040\000A\000r\000c\000h\000i\000t\000e\000c\000t\000u\000r\000e\000\040\000C\000o\000n\000f\000i\000g}{appendix.B}% 191
\BOOKMARK [2][-]{subsection.B.2}{\376\377\000Q\000u\000o\000r\000u\000m\000\040\000a\000n\000d\000\040\000T\000r\000a\000i\000n\000i\000n\000g\000\040\000C\000o\000n\000f\000i\000g\000u\000r\000a\000t\000i\000o\000n}{appendix.B}% 192
